Using pre-set license
Built from '2020.3/staging' branch; Version is '2020.3.26f1 (7298b473bc1a) revision 7510196'; Using compiler version '192528614'; Build Type 'Release'
OS: 'Windows 10  (10.0.19043) 64bit Professional' Language: 'tr' Physical Memory: 16319 MB
BatchMode: 1, IsHumanControllingUs: 0, StartBugReporterOnCrash: 0, Is64bit: 1, IsPro: 0

COMMAND LINE ARGUMENTS:
E:\Unity\2020.3.26f1\Editor\Unity.exe
-adb2
-batchMode
-noUpm
-name
AssetImportWorker0
-projectPath
E:/All Projects/Personal Projects/Endless Runner
-logFile
Logs/AssetImportWorker0.log
-srvPort
59384
Successfully changed project path to: E:/All Projects/Personal Projects/Endless Runner
E:/All Projects/Personal Projects/Endless Runner
Using Asset Import Pipeline V2.
Refreshing native plugins compatible for Editor in 159.38 ms, found 2 plugins.
Preloading 0 native plugins for Editor in 0.00 ms.
Initialize engine version: 2020.3.26f1 (7298b473bc1a)
[Subsystems] Discovering subsystems at path E:/Unity/2020.3.26f1/Editor/Data/Resources/UnitySubsystems
[Subsystems] Discovering subsystems at path E:/All Projects/Personal Projects/Endless Runner/Assets
GfxDevice: creating device client; threaded=0
Direct3D:
    Version:  Direct3D 11.0 [level 11.1]
    Renderer: NVIDIA GeForce RTX 2060 SUPER (ID=0x1f06)
    Vendor:   
    VRAM:     8031 MB
    Driver:   30.0.15.1123
Initialize mono
Mono path[0] = 'E:/Unity/2020.3.26f1/Editor/Data/Managed'
Mono path[1] = 'E:/Unity/2020.3.26f1/Editor/Data/MonoBleedingEdge/lib/mono/unityjit'
Mono config path = 'E:/Unity/2020.3.26f1/Editor/Data/MonoBleedingEdge/etc'
Using monoOptions --debugger-agent=transport=dt_socket,embedding=1,server=y,suspend=n,address=127.0.0.1:56432
Begin MonoManager ReloadAssembly
Registering precompiled unity dll's ...
Register platform support module: E:/Unity/2020.3.26f1/Editor/Data/PlaybackEngines/WindowsStandaloneSupport/UnityEditor.WindowsStandalone.Extensions.dll
Registered in 0.001100 seconds.
Native extension for WindowsStandalone target not found
Refreshing native plugins compatible for Editor in 67.19 ms, found 2 plugins.
Preloading 0 native plugins for Editor in 0.00 ms.
Mono: successfully reloaded assembly
- Completed reload, in  1.140 seconds
Domain Reload Profiling:
	ReloadAssembly (1141ms)
		BeginReloadAssembly (84ms)
			ExecutionOrderSort (0ms)
			DisableScriptedObjects (0ms)
			BackupInstance (0ms)
			ReleaseScriptingObjects (0ms)
			CreateAndSetChildDomain (1ms)
		EndReloadAssembly (859ms)
			LoadAssemblies (83ms)
			RebuildTransferFunctionScriptingTraits (0ms)
			SetupTypeCache (420ms)
			ReleaseScriptCaches (0ms)
			RebuildScriptCaches (47ms)
			SetupLoadedEditorAssemblies (265ms)
				LogAssemblyErrors (0ms)
				InitializePlatformSupportModulesInManaged (7ms)
				SetLoadedEditorAssemblies (0ms)
				RefreshPlugins (67ms)
				BeforeProcessingInitializeOnLoad (19ms)
				ProcessInitializeOnLoadAttributes (125ms)
				ProcessInitializeOnLoadMethodAttributes (46ms)
				AfterProcessingInitializeOnLoad (0ms)
				EditorAssembliesLoaded (0ms)
			ExecutionOrderSort2 (0ms)
			AwakeInstancesAfterBackupRestoration (0ms)
Platform modules already initialized, skipping
Registering precompiled user dll's ...
Registered in 0.009084 seconds.
Begin MonoManager ReloadAssembly
Native extension for WindowsStandalone target not found
Refreshing native plugins compatible for Editor in 95.24 ms, found 2 plugins.
Preloading 0 native plugins for Editor in 0.00 ms.
Mono: successfully reloaded assembly
- Completed reload, in  1.733 seconds
Domain Reload Profiling:
	ReloadAssembly (1740ms)
		BeginReloadAssembly (199ms)
			ExecutionOrderSort (0ms)
			DisableScriptedObjects (7ms)
			BackupInstance (0ms)
			ReleaseScriptingObjects (0ms)
			CreateAndSetChildDomain (25ms)
		EndReloadAssembly (1475ms)
			LoadAssemblies (116ms)
			RebuildTransferFunctionScriptingTraits (0ms)
			SetupTypeCache (458ms)
			ReleaseScriptCaches (0ms)
			RebuildScriptCaches (79ms)
			SetupLoadedEditorAssemblies (592ms)
				LogAssemblyErrors (0ms)
				InitializePlatformSupportModulesInManaged (6ms)
				SetLoadedEditorAssemblies (0ms)
				RefreshPlugins (95ms)
				BeforeProcessingInitializeOnLoad (153ms)
				ProcessInitializeOnLoadAttributes (316ms)
				ProcessInitializeOnLoadMethodAttributes (16ms)
				AfterProcessingInitializeOnLoad (5ms)
				EditorAssembliesLoaded (0ms)
			ExecutionOrderSort2 (0ms)
			AwakeInstancesAfterBackupRestoration (24ms)
Platform modules already initialized, skipping
========================================================================
Worker process is ready to serve import requests
Launched and connected shader compiler UnityShaderCompiler.exe after 0.12 seconds
Refreshing native plugins compatible for Editor in 0.68 ms, found 2 plugins.
Preloading 0 native plugins for Editor in 0.00 ms.
Unloading 2811 Unused Serialized files (Serialized files now loaded: 0)
System memory in use before: 126.1 MB.
System memory in use after: 126.3 MB.

Unloading 20 unused Assets to reduce memory usage. Loaded Objects now: 3241.
Total: 5.383000 ms (FindLiveObjects: 0.202600 ms CreateObjectMapping: 0.139400 ms MarkObjects: 4.931000 ms  DeleteObjects: 0.108300 ms)

AssetImportParameters requested are different than current active one (requested -> active):
  custom:framework-win-MediaFoundation: 216162199b28c13a410421893ffa2e32 -> 
  custom:video-decoder-ogg-theora: a1e56fd34408186e4bbccfd4996cb3dc -> 
  custom:container-muxer-webm: aa71ff27fc2769a1b78a27578f13a17b -> 
  custom:container-demuxer-webm: 4f35f7cbe854078d1ac9338744f61a02 -> 
  custom:container-demuxer-ogg: 62fdf1f143b41e24485cea50d1cbac27 -> 
  custom:video-encoder-webm-vp8: eb34c28f22e8b96e1ab97ce403110664 -> 
  custom:video-decoder-webm-vp8: 9c59270c3fd7afecdb556c50c9e8de78 -> 
  custom:audio-decoder-ogg-vorbis: bf7c407c2cedff20999df2af8eb42d56 -> 
  custom:audio-encoder-webm-vorbis: bf7c407c2cedff20999df2af8eb42d56 -> 
========================================================================
Received Import Request.
  path: Assets/Readme.asset
  artifactKey: Guid(83c2ed844a8c74b779a4c823d16594b1) Importer(815301076,1909f56bfc062723c751e8b465ee728b)
Start importing Assets/Readme.asset using Guid(83c2ed844a8c74b779a4c823d16594b1) Importer(815301076,1909f56bfc062723c751e8b465ee728b)  -> (artifact id: '8ffd2c44ffeb50c574abb5d0c4453328') in 0.070990 seconds 
  Import took 0.080200 seconds .

========================================================================
Received Import Request.
  Time since last request: 150.362206 seconds.
  path: Assets/ExampleAssets
  artifactKey: Guid(990f5c2df70993f4987a388ca178996a) Importer(815301076,1909f56bfc062723c751e8b465ee728b)
Start importing Assets/ExampleAssets using Guid(990f5c2df70993f4987a388ca178996a) Importer(815301076,1909f56bfc062723c751e8b465ee728b)  -> (artifact id: 'd5ac45704b3e904ca5b19a6457cc79ac') in 0.006109 seconds 
  Import took 0.010739 seconds .

========================================================================
Received Import Request.
  Time since last request: 1.873104 seconds.
  path: Assets/Materials
  artifactKey: Guid(d0234ba368eeec9418390da711bfdad0) Importer(815301076,1909f56bfc062723c751e8b465ee728b)
Start importing Assets/Materials using Guid(d0234ba368eeec9418390da711bfdad0) Importer(815301076,1909f56bfc062723c751e8b465ee728b)  -> (artifact id: 'dd1fccef896d48891410691dfde716e5') in 0.006857 seconds 
  Import took 0.011947 seconds .

========================================================================
Received Import Request.
  Time since last request: 1.599286 seconds.
  path: Assets/Scenes
  artifactKey: Guid(27f41a366bcf7e0439db40a8698e9d03) Importer(815301076,1909f56bfc062723c751e8b465ee728b)
Start importing Assets/Scenes using Guid(27f41a366bcf7e0439db40a8698e9d03) Importer(815301076,1909f56bfc062723c751e8b465ee728b)  -> (artifact id: '7c352794ed00705c5f492a139e7241a3') in 0.006615 seconds 
  Import took 0.010613 seconds .

========================================================================
Received Import Request.
  Time since last request: 0.240527 seconds.
  path: Assets/Presets
  artifactKey: Guid(558255460b74ec04fa70b5570e9327bd) Importer(815301076,1909f56bfc062723c751e8b465ee728b)
Start importing Assets/Presets using Guid(558255460b74ec04fa70b5570e9327bd) Importer(815301076,1909f56bfc062723c751e8b465ee728b)  -> (artifact id: 'e1966229f3d7993f283b578bcf544b58') in 0.021272 seconds 
  Import took 0.024824 seconds .

========================================================================
Received Import Request.
  Time since last request: 2.084619 seconds.
  path: Assets/Scenes/SampleScene.unity
  artifactKey: Guid(d1c3109bdb54ad54c8a2b2838528e640) Importer(815301076,1909f56bfc062723c751e8b465ee728b)
Start importing Assets/Scenes/SampleScene.unity using Guid(d1c3109bdb54ad54c8a2b2838528e640) Importer(815301076,1909f56bfc062723c751e8b465ee728b)  -> (artifact id: '1a7c01bc8ed57adf1ede3d700e613d7f') in 0.005640 seconds 
  Import took 0.009964 seconds .

========================================================================
Received Import Request.
  Time since last request: 1.703170 seconds.
  path: Assets/Scenes/SampleSceneLightingSettings.lighting
  artifactKey: Guid(477cc4148fad3449482a3bc3178594e2) Importer(815301076,1909f56bfc062723c751e8b465ee728b)
Start importing Assets/Scenes/SampleSceneLightingSettings.lighting using Guid(477cc4148fad3449482a3bc3178594e2) Importer(815301076,1909f56bfc062723c751e8b465ee728b)  -> (artifact id: '4a26a52e718306fba651ad1c5ff177c0') in 0.006293 seconds 
  Import took 0.009739 seconds .

========================================================================
Received Import Request.
  Time since last request: 2.819812 seconds.
  path: Assets/Scripts
  artifactKey: Guid(02a3527b6b33a924e8ec66aa805ea717) Importer(815301076,1909f56bfc062723c751e8b465ee728b)
Start importing Assets/Scripts using Guid(02a3527b6b33a924e8ec66aa805ea717) Importer(815301076,1909f56bfc062723c751e8b465ee728b)  -> (artifact id: 'f0a913a0049096cde5d6a727232f232f') in 0.005013 seconds 
  Import took 0.008714 seconds .

========================================================================
Received Import Request.
  Time since last request: 2.570270 seconds.
  path: Assets/Settings
  artifactKey: Guid(0735c275001a2c84dafdb30deced5d8d) Importer(815301076,1909f56bfc062723c751e8b465ee728b)
Start importing Assets/Settings using Guid(0735c275001a2c84dafdb30deced5d8d) Importer(815301076,1909f56bfc062723c751e8b465ee728b)  -> (artifact id: 'cadd7ca10b5bf32e886eec457cf073a7') in 0.005751 seconds 
  Import took 0.010782 seconds .

========================================================================
Received Import Request.
  Time since last request: 1.767849 seconds.
  path: Assets/Settings/ForwardRenderer.asset
  artifactKey: Guid(4a8e21d5c33334b11b34a596161b9360) Importer(815301076,1909f56bfc062723c751e8b465ee728b)
Start importing Assets/Settings/ForwardRenderer.asset using Guid(4a8e21d5c33334b11b34a596161b9360) Importer(815301076,1909f56bfc062723c751e8b465ee728b)  -> (artifact id: '63cf95242464b0f1307a08bc2392aaaa') in 0.005868 seconds 
  Import took 0.009887 seconds .

========================================================================
Received Prepare
Switching render pipeline 19ba41d7c0026c3459d37c2fe90c55a0 -> 00000000000000000000000000000000
Refreshing native plugins compatible for Editor in 2.79 ms, found 2 plugins.
Preloading 0 native plugins for Editor in 0.00 ms.
Unloading 13 Unused Serialized files (Serialized files now loaded: 0)
System memory in use before: 65.6 MB.
System memory in use after: 65.8 MB.

Unloading 13 unused Assets to reduce memory usage. Loaded Objects now: 3241.
Total: 3.764500 ms (FindLiveObjects: 0.395700 ms CreateObjectMapping: 0.355000 ms MarkObjects: 2.998400 ms  DeleteObjects: 0.014600 ms)

AssetImportParameters requested are different than current active one (requested -> active):
  custom:framework-win-MediaFoundation: 216162199b28c13a410421893ffa2e32 -> 
  custom:video-decoder-ogg-theora: a1e56fd34408186e4bbccfd4996cb3dc -> 
  custom:container-muxer-webm: aa71ff27fc2769a1b78a27578f13a17b -> 
  custom:container-demuxer-webm: 4f35f7cbe854078d1ac9338744f61a02 -> 
  custom:container-demuxer-ogg: 62fdf1f143b41e24485cea50d1cbac27 -> 
  custom:video-encoder-webm-vp8: eb34c28f22e8b96e1ab97ce403110664 -> 
  custom:video-decoder-webm-vp8: 9c59270c3fd7afecdb556c50c9e8de78 -> 
  custom:audio-decoder-ogg-vorbis: bf7c407c2cedff20999df2af8eb42d56 -> 
  custom:audio-encoder-webm-vorbis: bf7c407c2cedff20999df2af8eb42d56 -> 
========================================================================
Received Import Request.
  Time since last request: 3.626399 seconds.
  path: Assets/TutorialInfo
  artifactKey: Guid(49110bb8dcada46328ad741970bce702) Importer(815301076,1909f56bfc062723c751e8b465ee728b)
Start importing Assets/TutorialInfo using Guid(49110bb8dcada46328ad741970bce702) Importer(815301076,1909f56bfc062723c751e8b465ee728b)  -> (artifact id: 'de5a30219286eb2a872f2f84d66d9616') in 0.005016 seconds 
  Import took 0.008695 seconds .

========================================================================
Received Prepare
Registering precompiled user dll's ...
Registered in 0.005790 seconds.
Begin MonoManager ReloadAssembly
Native extension for WindowsStandalone target not found
Refreshing native plugins compatible for Editor in 0.48 ms, found 2 plugins.
Preloading 0 native plugins for Editor in 0.00 ms.
Mono: successfully reloaded assembly
- Completed reload, in  0.981 seconds
Domain Reload Profiling:
	ReloadAssembly (981ms)
		BeginReloadAssembly (104ms)
			ExecutionOrderSort (0ms)
			DisableScriptedObjects (5ms)
			BackupInstance (0ms)
			ReleaseScriptingObjects (0ms)
			CreateAndSetChildDomain (33ms)
		EndReloadAssembly (825ms)
			LoadAssemblies (76ms)
			RebuildTransferFunctionScriptingTraits (0ms)
			SetupTypeCache (275ms)
			ReleaseScriptCaches (1ms)
			RebuildScriptCaches (44ms)
			SetupLoadedEditorAssemblies (307ms)
				LogAssemblyErrors (0ms)
				InitializePlatformSupportModulesInManaged (4ms)
				SetLoadedEditorAssemblies (0ms)
				RefreshPlugins (1ms)
				BeforeProcessingInitializeOnLoad (93ms)
				ProcessInitializeOnLoadAttributes (195ms)
				ProcessInitializeOnLoadMethodAttributes (12ms)
				AfterProcessingInitializeOnLoad (2ms)
				EditorAssembliesLoaded (0ms)
			ExecutionOrderSort2 (0ms)
			AwakeInstancesAfterBackupRestoration (12ms)
Platform modules already initialized, skipping
Switching render pipeline 19ba41d7c0026c3459d37c2fe90c55a0 -> 00000000000000000000000000000000
Refreshing native plugins compatible for Editor in 0.42 ms, found 2 plugins.
Preloading 0 native plugins for Editor in 0.00 ms.
Unloading 2699 Unused Serialized files (Serialized files now loaded: 0)
System memory in use before: 119.2 MB.
System memory in use after: 119.4 MB.

Unloading 16 unused Assets to reduce memory usage. Loaded Objects now: 3244.
Total: 2.521200 ms (FindLiveObjects: 0.177000 ms CreateObjectMapping: 0.102500 ms MarkObjects: 2.224300 ms  DeleteObjects: 0.016400 ms)

AssetImportParameters requested are different than current active one (requested -> active):
  custom:framework-win-MediaFoundation: 216162199b28c13a410421893ffa2e32 -> 
  custom:video-decoder-ogg-theora: a1e56fd34408186e4bbccfd4996cb3dc -> 
  custom:container-muxer-webm: aa71ff27fc2769a1b78a27578f13a17b -> 
  custom:container-demuxer-webm: 4f35f7cbe854078d1ac9338744f61a02 -> 
  custom:container-demuxer-ogg: 62fdf1f143b41e24485cea50d1cbac27 -> 
  custom:video-encoder-webm-vp8: eb34c28f22e8b96e1ab97ce403110664 -> 
  custom:video-decoder-webm-vp8: 9c59270c3fd7afecdb556c50c9e8de78 -> 
  custom:audio-decoder-ogg-vorbis: bf7c407c2cedff20999df2af8eb42d56 -> 
  custom:audio-encoder-webm-vorbis: bf7c407c2cedff20999df2af8eb42d56 -> 
========================================================================
Received Import Request.
  Time since last request: 18.471061 seconds.
  path: Assets/Scenes/GameScene.unity
  artifactKey: Guid(e780da19564e2c040b825e839c9d071f) Importer(815301076,1909f56bfc062723c751e8b465ee728b)
Start importing Assets/Scenes/GameScene.unity using Guid(e780da19564e2c040b825e839c9d071f) Importer(815301076,1909f56bfc062723c751e8b465ee728b)  -> (artifact id: '19c611fa60dc1e9ae6e35cc02aaa3d4a') in 0.026717 seconds 
  Import took 0.030597 seconds .

========================================================================
Received Import Request.
  Time since last request: 74.447203 seconds.
  path: Assets/Settings/UniversalRenderPipelineAsset.asset
  artifactKey: Guid(680b242ca8825a34e89d8fcb14d2838a) Importer(815301076,1909f56bfc062723c751e8b465ee728b)
Start importing Assets/Settings/UniversalRenderPipelineAsset.asset using Guid(680b242ca8825a34e89d8fcb14d2838a) Importer(815301076,1909f56bfc062723c751e8b465ee728b)  -> (artifact id: '0faedf61ae2f34f79e89545817c94b03') in 0.010245 seconds 
  Import took 0.014021 seconds .

========================================================================
Received Import Request.
  Time since last request: 29.167023 seconds.
  path: Assets/Settings/UniversalRenderPipelineAsset_Renderer.asset
  artifactKey: Guid(417f492c7ddf3654e93b0f81d89cb36c) Importer(815301076,1909f56bfc062723c751e8b465ee728b)
Start importing Assets/Settings/UniversalRenderPipelineAsset_Renderer.asset using Guid(417f492c7ddf3654e93b0f81d89cb36c) Importer(815301076,1909f56bfc062723c751e8b465ee728b)  -> (artifact id: 'cada0bb395db1e617fd12d00ddb58a0a') in 0.006376 seconds 
  Import took 0.010335 seconds .

========================================================================
Received Prepare
Switching render pipeline 19ba41d7c0026c3459d37c2fe90c55a0 -> 680b242ca8825a34e89d8fcb14d2838a
Refreshing native plugins compatible for Editor in 2.50 ms, found 2 plugins.
Preloading 0 native plugins for Editor in 0.00 ms.
Unloading 15 Unused Serialized files (Serialized files now loaded: 0)
System memory in use before: 66.3 MB.
System memory in use after: 66.5 MB.

Unloading 13 unused Assets to reduce memory usage. Loaded Objects now: 3246.
Total: 5.148100 ms (FindLiveObjects: 0.387700 ms CreateObjectMapping: 0.220500 ms MarkObjects: 4.517500 ms  DeleteObjects: 0.021100 ms)

AssetImportParameters requested are different than current active one (requested -> active):
  custom:framework-win-MediaFoundation: 216162199b28c13a410421893ffa2e32 -> 
  custom:video-decoder-ogg-theora: a1e56fd34408186e4bbccfd4996cb3dc -> 
  custom:container-muxer-webm: aa71ff27fc2769a1b78a27578f13a17b -> 
  custom:container-demuxer-webm: 4f35f7cbe854078d1ac9338744f61a02 -> 
  custom:container-demuxer-ogg: 62fdf1f143b41e24485cea50d1cbac27 -> 
  custom:video-encoder-webm-vp8: eb34c28f22e8b96e1ab97ce403110664 -> 
  custom:video-decoder-webm-vp8: 9c59270c3fd7afecdb556c50c9e8de78 -> 
  custom:audio-decoder-ogg-vorbis: bf7c407c2cedff20999df2af8eb42d56 -> 
  custom:audio-encoder-webm-vorbis: bf7c407c2cedff20999df2af8eb42d56 -> 
========================================================================
Received Import Request.
  Time since last request: 262.497662 seconds.
  path: Assets/Artwork/Images/atlasTexture.psd
  artifactKey: Guid(4229d4d685c10a749bc8af9e51bfeb20) Importer(815301076,1909f56bfc062723c751e8b465ee728b)
Start importing Assets/Artwork/Images/atlasTexture.psd using Guid(4229d4d685c10a749bc8af9e51bfeb20) Importer(815301076,1909f56bfc062723c751e8b465ee728b)  -> (artifact id: 'd98a5bc5413a8f5c2ca2f1eefc0cbf78') in 0.118362 seconds 
  Import took 0.122399 seconds .

========================================================================
Received Import Request.
  Time since last request: 166.609000 seconds.
  path: Assets/Artwork/Thumbnail/AntlerHat.png
  artifactKey: Guid(cba15b3a2533ec84990ffc42bf62cbcf) Importer(815301076,1909f56bfc062723c751e8b465ee728b)
Start importing Assets/Artwork/Thumbnail/AntlerHat.png using Guid(cba15b3a2533ec84990ffc42bf62cbcf) Importer(815301076,1909f56bfc062723c751e8b465ee728b)  -> (artifact id: '7ed3a20c16bc508057e3ef8688549a2f') in 0.053310 seconds 
  Import took 0.057530 seconds .

========================================================================
Received Import Request.
  Time since last request: 0.000122 seconds.
  path: Assets/Artwork/Thumbnail/RiceHat.png
  artifactKey: Guid(e18dd9ff5e1a8a7459bbd8fb92491ec5) Importer(815301076,1909f56bfc062723c751e8b465ee728b)
Start importing Assets/Artwork/Thumbnail/RiceHat.png using Guid(e18dd9ff5e1a8a7459bbd8fb92491ec5) Importer(815301076,1909f56bfc062723c751e8b465ee728b)  -> (artifact id: '334f56c71b7a51a3a407ce7da15d1670') in 0.013213 seconds 
  Import took 0.017207 seconds .

========================================================================
Received Import Request.
  Time since last request: 0.000196 seconds.
  path: Assets/Artwork/Thumbnail/FlowerCrown.png
  artifactKey: Guid(75d36feda45a3734aa2c9aa0f007a19a) Importer(815301076,1909f56bfc062723c751e8b465ee728b)
Start importing Assets/Artwork/Thumbnail/FlowerCrown.png using Guid(75d36feda45a3734aa2c9aa0f007a19a) Importer(815301076,1909f56bfc062723c751e8b465ee728b)  -> (artifact id: '1476f6857055bb45c8cd4fe30b1824fa') in 0.014530 seconds 
  Import took 0.018382 seconds .

========================================================================
Received Import Request.
  Time since last request: 0.000158 seconds.
  path: Assets/Artwork/Thumbnail/GladiatorHelmet.png
  artifactKey: Guid(2bf3a2ed47747104294b9fa171d6ff4d) Importer(815301076,1909f56bfc062723c751e8b465ee728b)
Start importing Assets/Artwork/Thumbnail/GladiatorHelmet.png using Guid(2bf3a2ed47747104294b9fa171d6ff4d) Importer(815301076,1909f56bfc062723c751e8b465ee728b)  -> (artifact id: '622a9b925b37bce653a03e0ca12fcaf8') in 0.012337 seconds 
  Import took 0.016772 seconds .

========================================================================
Received Import Request.
  Time since last request: 0.000143 seconds.
  path: Assets/Artwork/Thumbnail/MinerHat.png
  artifactKey: Guid(b3840f46166cd4a4c97b00d846135a76) Importer(815301076,1909f56bfc062723c751e8b465ee728b)
Start importing Assets/Artwork/Thumbnail/MinerHat.png using Guid(b3840f46166cd4a4c97b00d846135a76) Importer(815301076,1909f56bfc062723c751e8b465ee728b)  -> (artifact id: '66ab4149215ddf47cd3aa22af8ba9f3b') in 0.014483 seconds 
  Import took 0.018243 seconds .

========================================================================
Received Import Request.
  Time since last request: 0.000133 seconds.
  path: Assets/Artwork/Thumbnail/PopeHat.png
  artifactKey: Guid(3a6cb6823cd05df40943f353b899218c) Importer(815301076,1909f56bfc062723c751e8b465ee728b)
Start importing Assets/Artwork/Thumbnail/PopeHat.png using Guid(3a6cb6823cd05df40943f353b899218c) Importer(815301076,1909f56bfc062723c751e8b465ee728b)  -> (artifact id: 'a9152905fdd3da15f1c40f9888eb2b57') in 0.012887 seconds 
  Import took 0.016840 seconds .

========================================================================
Received Import Request.
  Time since last request: 0.000154 seconds.
  path: Assets/Artwork/Images/outterCircle.psd
  artifactKey: Guid(44fcfada67ae29945b8b3ac1523ad184) Importer(815301076,1909f56bfc062723c751e8b465ee728b)
Start importing Assets/Artwork/Images/outterCircle.psd using Guid(44fcfada67ae29945b8b3ac1523ad184) Importer(815301076,1909f56bfc062723c751e8b465ee728b)  -> (artifact id: '3c6b7499df363625532c75216f578210') in 0.015441 seconds 
  Import took 0.019142 seconds .

========================================================================
Received Import Request.
  Time since last request: 0.000182 seconds.
  path: Assets/Artwork/Thumbnail/GladiatorHelmet2.png
  artifactKey: Guid(0ab3597969812aa43abb0d215ec51f38) Importer(815301076,1909f56bfc062723c751e8b465ee728b)
Start importing Assets/Artwork/Thumbnail/GladiatorHelmet2.png using Guid(0ab3597969812aa43abb0d215ec51f38) Importer(815301076,1909f56bfc062723c751e8b465ee728b)  -> (artifact id: '5094120cef5e91795bbb832f1408dc01') in 0.013023 seconds 
  Import took 0.018489 seconds .

========================================================================
Received Import Request.
  Time since last request: 0.000316 seconds.
  path: Assets/Artwork/Thumbnail/MorionHat.png
  artifactKey: Guid(dbf9a903bc59f3b458aae093b9b53397) Importer(815301076,1909f56bfc062723c751e8b465ee728b)
Start importing Assets/Artwork/Thumbnail/MorionHat.png using Guid(dbf9a903bc59f3b458aae093b9b53397) Importer(815301076,1909f56bfc062723c751e8b465ee728b)  -> (artifact id: '8a3ba7d67ba2bd9977d528c56cdd35db') in 0.013817 seconds 
  Import took 0.019702 seconds .

========================================================================
Received Import Request.
  Time since last request: 0.000208 seconds.
  path: Assets/Artwork/Thumbnail/VikingHelmet.png
  artifactKey: Guid(7efab893811faff4f9ca624ea3d35cbe) Importer(815301076,1909f56bfc062723c751e8b465ee728b)
Start importing Assets/Artwork/Thumbnail/VikingHelmet.png using Guid(7efab893811faff4f9ca624ea3d35cbe) Importer(815301076,1909f56bfc062723c751e8b465ee728b)  -> (artifact id: '0cf65360e7f30638aa05aee4f8de725b') in 0.015834 seconds 
  Import took 0.020227 seconds .

========================================================================
Received Import Request.
  Time since last request: 0.000158 seconds.
  path: Assets/Artwork/Thumbnail/TiaraCrown.png
  artifactKey: Guid(42ce733426bf252489289a133a6f5147) Importer(815301076,1909f56bfc062723c751e8b465ee728b)
Start importing Assets/Artwork/Thumbnail/TiaraCrown.png using Guid(42ce733426bf252489289a133a6f5147) Importer(815301076,1909f56bfc062723c751e8b465ee728b)  -> (artifact id: 'b94d495ef142b84cdfbf62ba251228e5') in 0.015389 seconds 
  Import took 0.019698 seconds .

========================================================================
Received Import Request.
  Time since last request: 0.000194 seconds.
  path: Assets/Artwork/Images/snow.psd
  artifactKey: Guid(73b94f68e03b8fa4483ea779bed0c51b) Importer(815301076,1909f56bfc062723c751e8b465ee728b)
Start importing Assets/Artwork/Images/snow.psd using Guid(73b94f68e03b8fa4483ea779bed0c51b) Importer(815301076,1909f56bfc062723c751e8b465ee728b)  -> (artifact id: 'acfe2e67758dee47e6ddc1d2fdadbc84') in 0.019036 seconds 
  Import took 0.023327 seconds .

========================================================================
Received Import Request.
  Time since last request: 0.000143 seconds.
  path: Assets/Artwork/Thumbnail/SamuraiHelmet.png
  artifactKey: Guid(8fbc6f7a973ea81478b14d1919e9a57b) Importer(815301076,1909f56bfc062723c751e8b465ee728b)
Start importing Assets/Artwork/Thumbnail/SamuraiHelmet.png using Guid(8fbc6f7a973ea81478b14d1919e9a57b) Importer(815301076,1909f56bfc062723c751e8b465ee728b)  -> (artifact id: '9c3432d5a6f61b978b7fbafe6c779ef0') in 0.015993 seconds 
  Import took 0.022565 seconds .

========================================================================
Received Import Request.
  Time since last request: 0.000186 seconds.
  path: Assets/Artwork/Thumbnail/LeatherCap.png
  artifactKey: Guid(2389d9b69597ce5438a8c144db6aa1be) Importer(815301076,1909f56bfc062723c751e8b465ee728b)
Start importing Assets/Artwork/Thumbnail/LeatherCap.png using Guid(2389d9b69597ce5438a8c144db6aa1be) Importer(815301076,1909f56bfc062723c751e8b465ee728b)  -> (artifact id: '5e8da7f8216058502654302d7a1a4272') in 0.016050 seconds 
  Import took 0.021755 seconds .

========================================================================
Received Import Request.
  Time since last request: 0.000147 seconds.
  path: Assets/Artwork/Thumbnail/SmallHornedHelmet.png
  artifactKey: Guid(50d2eee8366dd9c4d82d7218845ce7d0) Importer(815301076,1909f56bfc062723c751e8b465ee728b)
Start importing Assets/Artwork/Thumbnail/SmallHornedHelmet.png using Guid(50d2eee8366dd9c4d82d7218845ce7d0) Importer(815301076,1909f56bfc062723c751e8b465ee728b)  -> (artifact id: '4177ae8e0ee76e9fb4ef011a63ca4d37') in 0.014921 seconds 
  Import took 0.019972 seconds .

========================================================================
Received Import Request.
  Time since last request: 0.000128 seconds.
  path: Assets/Artwork/Thumbnail/DevilHorn.png
  artifactKey: Guid(0001e3c4670c77b4ab883a85791333da) Importer(815301076,1909f56bfc062723c751e8b465ee728b)
Start importing Assets/Artwork/Thumbnail/DevilHorn.png using Guid(0001e3c4670c77b4ab883a85791333da) Importer(815301076,1909f56bfc062723c751e8b465ee728b)  -> (artifact id: 'b5c0d78df52bd6a5fa1401e7966700a6') in 0.014455 seconds 
  Import took 0.019927 seconds .

========================================================================
Received Import Request.
  Time since last request: 0.000149 seconds.
  path: Assets/Artwork/Font/Grandstander-Regular SDF.asset
  artifactKey: Guid(6d925ec84022295478b2c9be8644c9bf) Importer(815301076,1909f56bfc062723c751e8b465ee728b)
Start importing Assets/Artwork/Font/Grandstander-Regular SDF.asset using Guid(6d925ec84022295478b2c9be8644c9bf) Importer(815301076,1909f56bfc062723c751e8b465ee728b)  -> (artifact id: '14153a42bc811718834aed6e09bd61e9') in 0.204806 seconds 
  Import took 0.210074 seconds .

========================================================================
Received Import Request.
  Time since last request: 0.000139 seconds.
  path: Assets/Artwork/Thumbnail/BigHornedHelmet.png
  artifactKey: Guid(4d83ad9ff812f744793e6eb8f83c2f9b) Importer(815301076,1909f56bfc062723c751e8b465ee728b)
Start importing Assets/Artwork/Thumbnail/BigHornedHelmet.png using Guid(4d83ad9ff812f744793e6eb8f83c2f9b) Importer(815301076,1909f56bfc062723c751e8b465ee728b)  -> (artifact id: 'fabb71078390a58008b3fc2279923f0d') in 0.013443 seconds 
  Import took 0.018215 seconds .

========================================================================
Received Import Request.
  Time since last request: 0.000153 seconds.
  path: Assets/Artwork/Images/reviveIcon.png
  artifactKey: Guid(b371a4e806e6fb5489d2fb2705b08e96) Importer(815301076,1909f56bfc062723c751e8b465ee728b)
Start importing Assets/Artwork/Images/reviveIcon.png using Guid(b371a4e806e6fb5489d2fb2705b08e96) Importer(815301076,1909f56bfc062723c751e8b465ee728b)  -> (artifact id: '95282a0a5db0838ea6e051f4f1606900') in 0.014084 seconds 
  Import took 0.019847 seconds .

========================================================================
Received Import Request.
  Time since last request: 0.000143 seconds.
  path: Assets/Artwork/Branding/penguin_logo.png
  artifactKey: Guid(04d61f0c9b6f34447a9503fa597aaee8) Importer(815301076,1909f56bfc062723c751e8b465ee728b)
Start importing Assets/Artwork/Branding/penguin_logo.png using Guid(04d61f0c9b6f34447a9503fa597aaee8) Importer(815301076,1909f56bfc062723c751e8b465ee728b)  -> (artifact id: '4be48e3dfae3cdebc1386ab5d4de6fcc') in 0.009939 seconds 
  Import took 0.014879 seconds .

========================================================================
Received Import Request.
  Time since last request: 0.000191 seconds.
  path: Assets/Artwork/Thumbnail/LaurelWealth.png
  artifactKey: Guid(f75e9b91d48f01149b419a5422d19c76) Importer(815301076,1909f56bfc062723c751e8b465ee728b)
Start importing Assets/Artwork/Thumbnail/LaurelWealth.png using Guid(f75e9b91d48f01149b419a5422d19c76) Importer(815301076,1909f56bfc062723c751e8b465ee728b)  -> (artifact id: '4463eb6e17d59c3337e1e89ec269205e') in 0.014115 seconds 
  Import took 0.018762 seconds .

========================================================================
Received Import Request.
  Time since last request: 0.000171 seconds.
  path: Assets/Artwork/Thumbnail/Executioner.png
  artifactKey: Guid(f7824cad71c49984cb17c57196a18eaa) Importer(815301076,1909f56bfc062723c751e8b465ee728b)
Start importing Assets/Artwork/Thumbnail/Executioner.png using Guid(f7824cad71c49984cb17c57196a18eaa) Importer(815301076,1909f56bfc062723c751e8b465ee728b)  -> (artifact id: 'c420b543e88011de5d001144924670e4') in 0.016264 seconds 
  Import took 0.020671 seconds .

========================================================================
Received Import Request.
  Time since last request: 0.000161 seconds.
  path: Assets/Artwork/Images/playIcon.png
  artifactKey: Guid(a18f9e2b949a14645bea6604093af43d) Importer(815301076,1909f56bfc062723c751e8b465ee728b)
Start importing Assets/Artwork/Images/playIcon.png using Guid(a18f9e2b949a14645bea6604093af43d) Importer(815301076,1909f56bfc062723c751e8b465ee728b)  -> (artifact id: 'a694f19236267865c1104be020ec2d4c') in 0.013409 seconds 
  Import took 0.018053 seconds .

========================================================================
Received Import Request.
  Time since last request: 0.000175 seconds.
  path: Assets/Artwork/Thumbnail/GreatHelm.png
  artifactKey: Guid(726c82e20e04a3e4792602b63ea53160) Importer(815301076,1909f56bfc062723c751e8b465ee728b)
Start importing Assets/Artwork/Thumbnail/GreatHelm.png using Guid(726c82e20e04a3e4792602b63ea53160) Importer(815301076,1909f56bfc062723c751e8b465ee728b)  -> (artifact id: '9874542cdf2b540444af999785d5d9fb') in 0.018011 seconds 
  Import took 0.022552 seconds .

========================================================================
Received Import Request.
  Time since last request: 0.000138 seconds.
  path: Assets/Artwork/Thumbnail/CrownHelmet.png
  artifactKey: Guid(7cd7b8898662db648970105ea53d8cf0) Importer(815301076,1909f56bfc062723c751e8b465ee728b)
Start importing Assets/Artwork/Thumbnail/CrownHelmet.png using Guid(7cd7b8898662db648970105ea53d8cf0) Importer(815301076,1909f56bfc062723c751e8b465ee728b)  -> (artifact id: 'c3430382ba7a0c9c6148037d1e7375d1') in 0.014980 seconds 
  Import took 0.020054 seconds .

========================================================================
Received Import Request.
  Time since last request: 0.000312 seconds.
  path: Assets/Artwork/Images/button1.png
  artifactKey: Guid(dbb56393f67e09b40b53723070b569ed) Importer(815301076,1909f56bfc062723c751e8b465ee728b)
Start importing Assets/Artwork/Images/button1.png using Guid(dbb56393f67e09b40b53723070b569ed) Importer(815301076,1909f56bfc062723c751e8b465ee728b)  -> (artifact id: '16b9ea572592221a1c9bcb5a5cd9f930') in 0.013123 seconds 
  Import took 0.018933 seconds .

========================================================================
Received Import Request.
  Time since last request: 0.000181 seconds.
  path: Assets/Artwork/Images/shopIcon.png
  artifactKey: Guid(abb20b493de1b8a4195ea03db01cdf11) Importer(815301076,1909f56bfc062723c751e8b465ee728b)
Start importing Assets/Artwork/Images/shopIcon.png using Guid(abb20b493de1b8a4195ea03db01cdf11) Importer(815301076,1909f56bfc062723c751e8b465ee728b)  -> (artifact id: '7c2393190d284c228fd8345e82b93f11') in 0.016023 seconds 
  Import took 0.020154 seconds .

========================================================================
Received Import Request.
  Time since last request: 0.000170 seconds.
  path: Assets/Artwork/Images/button.psd
  artifactKey: Guid(ead64eecd69d5ea478d957e2e8c2f74e) Importer(815301076,1909f56bfc062723c751e8b465ee728b)
Start importing Assets/Artwork/Images/button.psd using Guid(ead64eecd69d5ea478d957e2e8c2f74e) Importer(815301076,1909f56bfc062723c751e8b465ee728b)  -> (artifact id: 'e7765bec7bfae9bcbe12ff79f74649f0') in 0.012603 seconds 
  Import took 0.017028 seconds .

========================================================================
Received Import Request.
  Time since last request: 0.000168 seconds.
  path: Assets/Artwork/Thumbnail/TurbanHelmet.png
  artifactKey: Guid(aa1b6966bfa5e864584132185b17e18e) Importer(815301076,1909f56bfc062723c751e8b465ee728b)
Start importing Assets/Artwork/Thumbnail/TurbanHelmet.png using Guid(aa1b6966bfa5e864584132185b17e18e) Importer(815301076,1909f56bfc062723c751e8b465ee728b)  -> (artifact id: '470b6f866094da6be5f7eb350334140a') in 0.015803 seconds 
  Import took 0.019588 seconds .

========================================================================
Received Import Request.
  Time since last request: 0.000171 seconds.
  path: Assets/Artwork/Thumbnail/None.png
  artifactKey: Guid(e312519bd325cea44add0f9a4720222d) Importer(815301076,1909f56bfc062723c751e8b465ee728b)
Start importing Assets/Artwork/Thumbnail/None.png using Guid(e312519bd325cea44add0f9a4720222d) Importer(815301076,1909f56bfc062723c751e8b465ee728b)  -> (artifact id: '744ead5737ddabb2e7621eba7d01a5d1') in 0.014347 seconds 
  Import took 0.018669 seconds .

========================================================================
Received Import Request.
  Time since last request: 0.000683 seconds.
  path: Assets/Artwork/Images/circle.psd
  artifactKey: Guid(138e5fd66f68d724c9f7f436ba896b10) Importer(815301076,1909f56bfc062723c751e8b465ee728b)
Start importing Assets/Artwork/Images/circle.psd using Guid(138e5fd66f68d724c9f7f436ba896b10) Importer(815301076,1909f56bfc062723c751e8b465ee728b)  -> (artifact id: '933313c2e913f506fc066f1b13fbe945') in 0.014915 seconds 
  Import took 0.019328 seconds .

========================================================================
Received Import Request.
  Time since last request: 0.000150 seconds.
  path: Assets/Artwork/Thumbnail/Kettle.png
  artifactKey: Guid(f0b74d6f4ef58e2438a9cd59dc77297e) Importer(815301076,1909f56bfc062723c751e8b465ee728b)
Start importing Assets/Artwork/Thumbnail/Kettle.png using Guid(f0b74d6f4ef58e2438a9cd59dc77297e) Importer(815301076,1909f56bfc062723c751e8b465ee728b)  -> (artifact id: 'b73b61f59c2df6b674061441eba0ab95') in 0.016655 seconds 
  Import took 0.020260 seconds .

========================================================================
Received Import Request.
  Time since last request: 0.000115 seconds.
  path: Assets/Artwork/Thumbnail/SpikyHat.png
  artifactKey: Guid(7f8039da6360b6e42bd8e8549552e148) Importer(815301076,1909f56bfc062723c751e8b465ee728b)
Start importing Assets/Artwork/Thumbnail/SpikyHat.png using Guid(7f8039da6360b6e42bd8e8549552e148) Importer(815301076,1909f56bfc062723c751e8b465ee728b)  -> (artifact id: '7b4e7c21695114260fa19de7b05ce669') in 0.013194 seconds 
  Import took 0.017214 seconds .

========================================================================
Received Import Request.
  Time since last request: 0.000116 seconds.
  path: Assets/Artwork/Thumbnail/MongolianHat.png
  artifactKey: Guid(35bb118df14139c41b4e3eb2d8fb2072) Importer(815301076,1909f56bfc062723c751e8b465ee728b)
Start importing Assets/Artwork/Thumbnail/MongolianHat.png using Guid(35bb118df14139c41b4e3eb2d8fb2072) Importer(815301076,1909f56bfc062723c751e8b465ee728b)  -> (artifact id: '6b0ccd5d03ac672b799a422f6e494528') in 0.015472 seconds 
  Import took 0.019328 seconds .

========================================================================
Received Import Request.
  Time since last request: 0.000143 seconds.
  path: Assets/Artwork/Images/letterGradient.psd
  artifactKey: Guid(ecb68052ab7eb6e4ab64bbb13349e3c7) Importer(815301076,1909f56bfc062723c751e8b465ee728b)
Start importing Assets/Artwork/Images/letterGradient.psd using Guid(ecb68052ab7eb6e4ab64bbb13349e3c7) Importer(815301076,1909f56bfc062723c751e8b465ee728b)  -> (artifact id: '6388bcec0a5cbf6ababdaba5ce81f643') in 0.012949 seconds 
  Import took 0.017496 seconds .

========================================================================
Received Import Request.
  Time since last request: 0.000127 seconds.
  path: Assets/Artwork/Images/button2.png
  artifactKey: Guid(27d7ee523d3406f4089d411c25480f86) Importer(815301076,1909f56bfc062723c751e8b465ee728b)
Start importing Assets/Artwork/Images/button2.png using Guid(27d7ee523d3406f4089d411c25480f86) Importer(815301076,1909f56bfc062723c751e8b465ee728b)  -> (artifact id: 'fd316f363eeea20b3939a5f2c148c129') in 0.013279 seconds 
  Import took 0.017261 seconds .

========================================================================
Received Import Request.
  Time since last request: 0.000127 seconds.
  path: Assets/Artwork/Thumbnail/KnightHelmet1.png
  artifactKey: Guid(1dc124c4866966e47ba20ce88d0b208e) Importer(815301076,1909f56bfc062723c751e8b465ee728b)
Start importing Assets/Artwork/Thumbnail/KnightHelmet1.png using Guid(1dc124c4866966e47ba20ce88d0b208e) Importer(815301076,1909f56bfc062723c751e8b465ee728b)  -> (artifact id: 'b622b0913dc434380570a684d2970853') in 0.014216 seconds 
  Import took 0.017879 seconds .

========================================================================
Received Import Request.
  Time since last request: 0.000130 seconds.
  path: Assets/Artwork/Thumbnail/Jester.png
  artifactKey: Guid(648e74bcffb5dcd4e80f6c4528954c61) Importer(815301076,1909f56bfc062723c751e8b465ee728b)
Start importing Assets/Artwork/Thumbnail/Jester.png using Guid(648e74bcffb5dcd4e80f6c4528954c61) Importer(815301076,1909f56bfc062723c751e8b465ee728b)  -> (artifact id: '250e4266db48a9cb4a412577988daa56') in 0.015592 seconds 
  Import took 0.019214 seconds .

========================================================================
Received Import Request.
  Time since last request: 0.000114 seconds.
  path: Assets/Artwork/Images/fishIcon.png
  artifactKey: Guid(873f21ad0011e4a479a237580e5125ef) Importer(815301076,1909f56bfc062723c751e8b465ee728b)
Start importing Assets/Artwork/Images/fishIcon.png using Guid(873f21ad0011e4a479a237580e5125ef) Importer(815301076,1909f56bfc062723c751e8b465ee728b)  -> (artifact id: 'ee80bb2e354009024e6d4ab5d6a51825') in 0.012591 seconds 
  Import took 0.017667 seconds .

========================================================================
Received Import Request.
  Time since last request: 0.000146 seconds.
  path: Assets/Artwork/Thumbnail/KnightHelmet2.png
  artifactKey: Guid(abdfe18d6d27bfc48a6fd48dc99aca87) Importer(815301076,1909f56bfc062723c751e8b465ee728b)
Start importing Assets/Artwork/Thumbnail/KnightHelmet2.png using Guid(abdfe18d6d27bfc48a6fd48dc99aca87) Importer(815301076,1909f56bfc062723c751e8b465ee728b)  -> (artifact id: '7fcc062a6b1d8994e889e9e5568c21a7') in 0.012690 seconds 
  Import took 0.017111 seconds .

========================================================================
Received Import Request.
  Time since last request: 0.000108 seconds.
  path: Assets/Artwork/Thumbnail/RobinHoodHat.png
  artifactKey: Guid(68e1601074d079a4a8d3ff022a7154c7) Importer(815301076,1909f56bfc062723c751e8b465ee728b)
Start importing Assets/Artwork/Thumbnail/RobinHoodHat.png using Guid(68e1601074d079a4a8d3ff022a7154c7) Importer(815301076,1909f56bfc062723c751e8b465ee728b)  -> (artifact id: 'fbf51fb21979957d481c43c514e8a787') in 0.013970 seconds 
  Import took 0.018067 seconds .

========================================================================
Received Import Request.
  Time since last request: 0.000275 seconds.
  path: Assets/Artwork/Thumbnail/WingedHelmet.png
  artifactKey: Guid(ab51fda8d3530b04ab755b75339afdd7) Importer(815301076,1909f56bfc062723c751e8b465ee728b)
Start importing Assets/Artwork/Thumbnail/WingedHelmet.png using Guid(ab51fda8d3530b04ab755b75339afdd7) Importer(815301076,1909f56bfc062723c751e8b465ee728b)  -> (artifact id: '7c5ba9131c258656a0c582b7a56a469b') in 0.014116 seconds 
  Import took 0.018999 seconds .

========================================================================
Received Import Request.
  Time since last request: 0.000115 seconds.
  path: Assets/Artwork/Thumbnail/DivingHelmet.png
  artifactKey: Guid(c4000db35fc1c524d943da04b93a4eb0) Importer(815301076,1909f56bfc062723c751e8b465ee728b)
Start importing Assets/Artwork/Thumbnail/DivingHelmet.png using Guid(c4000db35fc1c524d943da04b93a4eb0) Importer(815301076,1909f56bfc062723c751e8b465ee728b)  -> (artifact id: '30cd97cb32c099bb5dca5485f30ac8af') in 0.018488 seconds 
  Import took 0.023004 seconds .

========================================================================
Received Import Request.
  Time since last request: 0.000136 seconds.
  path: Assets/Artwork/Font/Grandstander-Regular.ttf
  artifactKey: Guid(e0077b8c5f22acd46b7b6ea627be783c) Importer(815301076,1909f56bfc062723c751e8b465ee728b)
Start importing Assets/Artwork/Font/Grandstander-Regular.ttf using Guid(e0077b8c5f22acd46b7b6ea627be783c) Importer(815301076,1909f56bfc062723c751e8b465ee728b)  -> (artifact id: 'e059e2c5d5bb7202f5617748425f367d') in 0.024591 seconds 
  Import took 0.028943 seconds .

========================================================================
Received Import Request.
  Time since last request: 0.000140 seconds.
  path: Assets/Artwork/Thumbnail/RussianHat.png
  artifactKey: Guid(f0be5045470eb2e42a99d649a5428c3e) Importer(815301076,1909f56bfc062723c751e8b465ee728b)
Start importing Assets/Artwork/Thumbnail/RussianHat.png using Guid(f0be5045470eb2e42a99d649a5428c3e) Importer(815301076,1909f56bfc062723c751e8b465ee728b)  -> (artifact id: 'c0c3f14e18aac02836ccae470f1ffaa1') in 0.012487 seconds 
  Import took 0.016347 seconds .

========================================================================
Received Import Request.
  Time since last request: 249.103284 seconds.
  path: Assets/Artwork/Models/Penguin/Penguin.fbx
  artifactKey: Guid(095f379f461e4554c8999ccdc9f2e131) Importer(815301076,1909f56bfc062723c751e8b465ee728b)
Start importing Assets/Artwork/Models/Penguin/Penguin.fbx using Guid(095f379f461e4554c8999ccdc9f2e131) Importer(815301076,1909f56bfc062723c751e8b465ee728b)  -> (artifact id: '495caedc1b179bb73d7e3613c05c6172') in 0.295480 seconds 
  Import took 0.301085 seconds .

========================================================================
Received Import Request.
  Time since last request: 50.889045 seconds.
  path: Assets/Artwork/Models/Penguin/Death.fbx
  artifactKey: Guid(79c6178ef101a6a42b697e0ef310df64) Importer(815301076,1909f56bfc062723c751e8b465ee728b)
Start importing Assets/Artwork/Models/Penguin/Death.fbx using Guid(79c6178ef101a6a42b697e0ef310df64) Importer(815301076,1909f56bfc062723c751e8b465ee728b)  -> (artifact id: '12b12c757dd6d2bb7eff3e8081509d22') in 0.012175 seconds 
  Import took 0.016408 seconds .

========================================================================
Received Import Request.
  Time since last request: 0.469103 seconds.
  path: Assets/Artwork/Models/Penguin/Idle.fbx
  artifactKey: Guid(43958866b69a6bb439a80212547974e2) Importer(815301076,1909f56bfc062723c751e8b465ee728b)
Start importing Assets/Artwork/Models/Penguin/Idle.fbx using Guid(43958866b69a6bb439a80212547974e2) Importer(815301076,1909f56bfc062723c751e8b465ee728b)  -> (artifact id: 'c45c25e83cc0f907887184a55f4c3c13') in 0.010502 seconds 
  Import took 0.014916 seconds .

========================================================================
Received Import Request.
  Time since last request: 53.613394 seconds.
  path: Assets/Artwork/Models/Penguin/Jump.fbx
  artifactKey: Guid(5941cad9b0a9f774b8522aa81b47294e) Importer(815301076,1909f56bfc062723c751e8b465ee728b)
Start importing Assets/Artwork/Models/Penguin/Jump.fbx using Guid(5941cad9b0a9f774b8522aa81b47294e) Importer(815301076,1909f56bfc062723c751e8b465ee728b)  -> (artifact id: 'b882b9e2c04f1229faa134677d5fd611') in 0.011090 seconds 
  Import took 0.015945 seconds .

========================================================================
Received Import Request.
  Time since last request: 2.984621 seconds.
  path: Assets/Artwork/Models/Penguin/Run.fbx
  artifactKey: Guid(31a904aed6f6df143917e4b7b737287f) Importer(815301076,1909f56bfc062723c751e8b465ee728b)
Start importing Assets/Artwork/Models/Penguin/Run.fbx using Guid(31a904aed6f6df143917e4b7b737287f) Importer(815301076,1909f56bfc062723c751e8b465ee728b)  -> (artifact id: '3a7d9b6599c375d646c84e307d937542') in 0.010121 seconds 
  Import took 0.014571 seconds .

========================================================================
Received Import Request.
  Time since last request: 0.646536 seconds.
  path: Assets/Artwork/Models/Penguin/Slide.fbx
  artifactKey: Guid(9bb5ee8c7df579044a3f370bd5dc1cd2) Importer(815301076,1909f56bfc062723c751e8b465ee728b)
Start importing Assets/Artwork/Models/Penguin/Slide.fbx using Guid(9bb5ee8c7df579044a3f370bd5dc1cd2) Importer(815301076,1909f56bfc062723c751e8b465ee728b)  -> (artifact id: '840eb2ee718154565e273fc6b8edfc4b') in 0.011218 seconds 
  Import took 0.016766 seconds .

========================================================================
Received Import Request.
  Time since last request: 17.525635 seconds.
  path: Assets/Artwork/Models/Environement
  artifactKey: Guid(e71b7cb165065f9499161f98cfb39244) Importer(815301076,1909f56bfc062723c751e8b465ee728b)
Start importing Assets/Artwork/Models/Environement using Guid(e71b7cb165065f9499161f98cfb39244) Importer(815301076,1909f56bfc062723c751e8b465ee728b)  -> (artifact id: '411777aa5ecae2098b8c9ac3b65f1f67') in 0.005293 seconds 
  Import took 0.009120 seconds .

========================================================================
Received Import Request.
  Time since last request: 407.442505 seconds.
  path: Assets/Artwork/Models/Penguin/PenguinAnimator.controller
  artifactKey: Guid(472f50cd643e00041be461724024412e) Importer(815301076,1909f56bfc062723c751e8b465ee728b)
Start importing Assets/Artwork/Models/Penguin/PenguinAnimator.controller using Guid(472f50cd643e00041be461724024412e) Importer(815301076,1909f56bfc062723c751e8b465ee728b)  -> (artifact id: '471b1cd813ea521d579c445a5d93d778') in 0.013352 seconds 
  Import took 0.018917 seconds .

